\BOOKMARK [-1][]{part.1}{\376\377\173\054\116\000\220\350\122\006\000\040\000C\000o\000n\000s\000t\000a\000n\000t\000i\000n\000e\000\040\000C\000a\000r\000a\000m\000a\000n\000i\000s\000\040\166\204\213\376\172\013}{}% 1
\BOOKMARK [0][]{chapter.1}{\376\377\0001\000\040\127\372\147\054\133\232\116\111}{part.1}% 2
\BOOKMARK [1][]{section.1.1}{\376\377\0001\000.\0001\000\040\127\372\147\054\166\204\176\277\140\047\116\343\145\160\124\214\137\256\171\357\122\006}{chapter.1}% 3
\BOOKMARK [1][]{section.1.2}{\376\377\0001\000.\0002\000\040\121\370\226\306\124\010\124\214\121\370\121\375\145\160}{chapter.1}% 4
\BOOKMARK [2][]{subsection.1.2.1}{\376\377\0001\000.\0002\000.\0001\000\040\121\370\226\306\124\010}{section.1.2}% 5
\BOOKMARK [2][]{subsection.1.2.2}{\376\377\0001\000.\0002\000.\0002\000\040\133\120\172\172\225\364\124\214\116\377\134\004\172\172\225\364}{section.1.2}% 6
\BOOKMARK [2][]{subsection.1.2.3}{\376\377\0001\000.\0002\000.\0003\000\040\123\112\172\172\225\364\000/\215\205\136\163\227\142}{section.1.2}% 7
\BOOKMARK [2][]{subsection.1.2.4}{\376\377\0001\000.\0002\000.\0004\000\040\225\045}{section.1.2}% 8
\BOOKMARK [2][]{subsection.1.2.5}{\376\377\0001\000.\0002\000.\0005\000\040\121\370\121\375\145\160}{section.1.2}% 9
\BOOKMARK [1][]{section.1.3}{\376\377\0001\000.\0003\000\040\121\370\117\030\123\026\166\204\147\000\117\030\140\047\147\141\116\366}{chapter.1}% 10
\BOOKMARK [2][]{subsection.1.3.1}{\376\377\0001\000.\0003\000.\0001\000\040\145\340\176\246\147\137\225\356\230\230\116\000\226\066\147\000\117\030\147\141\116\366}{section.1.3}% 11
\BOOKMARK [2][]{subsection.1.3.2}{\376\377\0001\000.\0003\000.\0002\000\040\147\011\176\246\147\137\225\356\230\230\116\000\226\066\147\000\117\030\147\141\116\366}{section.1.3}% 12
\BOOKMARK [2][]{subsection.1.3.3}{\376\377\0001\000.\0003\000.\0003\000\040\142\225\137\161}{section.1.3}% 13
\BOOKMARK [1][]{section.1.4}{\376\377\0001\000.\0004\000\040\000E\000l\000e\000g\000a\000n\000t\000B\000o\000o\000k\000\040\146\364\145\260\213\364\146\016}{chapter.1}% 14
\BOOKMARK [1][]{section.1.5}{\376\377\0001\000.\0005\000\040\152\041\147\177\133\211\210\305\116\016\146\364\145\260}{chapter.1}% 15
\BOOKMARK [2][]{subsection.1.5.1}{\376\377\0001\000.\0005\000.\0001\000\040\127\050\176\277\117\177\165\050\152\041\147\177}{section.1.5}% 16
\BOOKMARK [2][]{subsection.1.5.2}{\376\377\0001\000.\0005\000.\0002\000\040\147\054\127\060\121\115\133\211\210\305\117\177\165\050}{section.1.5}% 17
\BOOKMARK [2][]{subsection.1.5.3}{\376\377\0001\000.\0005\000.\0003\000\040\123\321\210\114\162\110\133\211\210\305\117\177\165\050}{section.1.5}% 18
\BOOKMARK [2][]{subsection.1.5.4}{\376\377\0001\000.\0005\000.\0004\000\040\146\364\145\260\225\356\230\230}{section.1.5}% 19
\BOOKMARK [2][]{subsection.1.5.5}{\376\377\0001\000.\0005\000.\0005\000\040\121\166\116\326\123\321\210\114\162\110\147\054}{section.1.5}% 20
\BOOKMARK [1][]{section.1.6}{\376\377\0001\000.\0006\000\040\165\050\142\067\117\134\124\301\213\241\122\022}{chapter.1}% 21
\BOOKMARK [1][]{section.1.7}{\376\377\0001\000.\0007\000\040\121\163\116\216\143\320\116\244}{chapter.1}% 22
\BOOKMARK [1][]{section.1.8}{\376\377\0001\000.\0008\000\040\123\117\117\134\116\272\124\130\142\333\122\337}{chapter.1}% 23
\BOOKMARK [1][]{section.1.9}{\376\377\0001\000.\0009\000\040\201\364\214\042}{chapter.1}% 24
\BOOKMARK [1][]{section.1.10}{\376\377\0001\000.\0001\0000\000\040\143\120\215\140}{chapter.1}% 25
\BOOKMARK [0][]{chapter.2}{\376\377\0002\000\040\116\000\226\066\173\227\154\325}{part.1}% 26
\BOOKMARK [1][]{section.2.1}{\376\377\0002\000.\0001\000\040\150\257\136\246\124\214\153\041\150\257\136\246\116\013\226\115}{chapter.2}% 27
\BOOKMARK [2][]{subsection.2.1.1}{\376\377\0002\000.\0001\000.\0001\000\040\150\257\136\246\116\013\226\115}{section.2.1}% 28
\BOOKMARK [2][]{subsection.2.1.2}{\376\377\0002\000.\0001\000.\0002\000\040\153\041\150\257\136\246\116\013\226\115}{section.2.1}% 29
\BOOKMARK [2][]{subsection.2.1.3}{\376\377\0002\000.\0001\000.\0003\000\040\142\275\214\141\166\204\116\011\147\141\140\047\215\050}{section.2.1}% 30
\BOOKMARK [1][]{section.2.2}{\376\377\0002\000.\0002\000\040\121\111\156\321\124\214\137\072\121\370\140\047\215\050}{chapter.2}% 31
\BOOKMARK [2][]{subsection.2.2.1}{\376\377\0002\000.\0002\000.\0001\000\040\121\111\156\321}{section.2.2}% 32
\BOOKMARK [2][]{subsection.2.2.2}{\376\377\0002\000.\0002\000.\0002\000\040\137\072\121\370}{section.2.2}% 33
\BOOKMARK [2][]{subsection.2.2.3}{\376\377\0002\000.\0002\000.\0003\000\040\121\111\156\321\121\370\121\375\145\160}{section.2.2}% 34
\BOOKMARK [2][]{subsection.2.2.4}{\376\377\0002\000.\0002\000.\0004\000\040\137\072\121\370\121\375\145\160}{section.2.2}% 35
\BOOKMARK [1][]{section.2.3}{\376\377\0002\000.\0003\000\040\145\066\145\133\220\037\136\246}{chapter.2}% 36
\BOOKMARK [1][]{section.2.4}{\376\377\0002\000.\0004\000\040\122\240\220\037\000/\122\250\221\317\150\257\136\246}{chapter.2}% 37
\BOOKMARK [1][]{section.2.5}{\376\377\0002\000.\0005\000\040\217\321\172\357\124\214\142\225\137\161\150\257\136\246}{chapter.2}% 38
\BOOKMARK [2][]{subsection.2.5.1}{\376\377\0002\000.\0005\000.\0001\000\040\142\225\137\161\150\257\136\246}{section.2.5}% 39
\BOOKMARK [2][]{subsection.2.5.2}{\376\377\0002\000.\0005\000.\0002\000\040\217\321\172\357\173\227\133\120}{section.2.5}% 40
\BOOKMARK [1][]{section.2.6}{\376\377\0002\000.\0006\000\040\225\134\120\317\150\257\136\246}{chapter.2}% 41
\BOOKMARK [1][]{section.2.7}{\376\377\0002\000.\0007\000\040\226\217\147\072\150\257\136\246}{chapter.2}% 42
\BOOKMARK [1][]{section.2.8}{\376\377\0002\000.\0008\000\040\213\355\212\000\152\041\137\017}{chapter.2}% 43
\BOOKMARK [1][]{section.2.9}{\376\377\0002\000.\0009\000\040\213\276\131\007\220\011\230\171}{chapter.2}% 44
\BOOKMARK [1][]{section.2.10}{\376\377\0002\000.\0001\0000\000\040\230\234\202\162\116\073\230\230}{chapter.2}% 45
\BOOKMARK [1][]{section.2.11}{\376\377\0002\000.\0001\0001\000\040\134\001\227\142}{chapter.2}% 46
\BOOKMARK [2][]{subsection.2.11.1}{\376\377\0002\000.\0001\0001\000.\0001\000\040\134\001\227\142\116\052\140\047\123\026}{section.2.11}% 47
\BOOKMARK [2][]{subsection.2.11.2}{\376\377\0002\000.\0001\0001\000.\0002\000\040\134\001\227\142\126\376}{section.2.11}% 48
\BOOKMARK [2][]{subsection.2.11.3}{\376\377\0002\000.\0001\0001\000.\0003\000\040\137\275\150\007}{section.2.11}% 49
\BOOKMARK [2][]{subsection.2.11.4}{\376\377\0002\000.\0001\0001\000.\0004\000\040\201\352\133\232\116\111\134\001\227\142}{section.2.11}% 50
\BOOKMARK [1][]{section.2.12}{\376\377\0002\000.\0001\0002\000\040\172\340\150\007\150\007\230\230}{chapter.2}% 51
\BOOKMARK [1][]{section.2.13}{\376\377\0002\000.\0001\0003\000\040\145\160\133\146\163\257\130\203\173\200\116\313}{chapter.2}% 52
\BOOKMARK [2][]{subsection.2.13.1}{\376\377\0002\000.\0001\0003\000.\0001\000\040\133\232\164\006\174\173\163\257\130\203\166\204\117\177\165\050}{section.2.13}% 53
\BOOKMARK [2][]{subsection.2.13.2}{\376\377\0002\000.\0001\0003\000.\0002\000\040\121\166\116\326\163\257\130\203\166\204\117\177\165\050}{section.2.13}% 54
\BOOKMARK [1][]{section.2.14}{\376\377\0002\000.\0001\0004\000\040\210\305\231\160\162\151}{chapter.2}% 55
\BOOKMARK [1][]{section.2.15}{\376\377\0002\000.\0001\0005\000\040\122\027\210\150\163\257\130\203}{chapter.2}% 56
\BOOKMARK [1][]{section.2.16}{\376\377\0002\000.\0001\0006\000\040\123\302\200\003\145\207\163\056}{chapter.2}% 57
\BOOKMARK [1][]{section.2.17}{\376\377\0002\000.\0001\0007\000\040\155\373\122\240\136\217\172\340}{chapter.2}% 58
\BOOKMARK [1][]{section.2.18}{\376\377\0002\000.\0001\0008\000\040\166\356\137\125\220\011\230\171\116\016\155\361\136\246}{chapter.2}% 59
\BOOKMARK [1][]{section.2.19}{\376\377\0002\000.\0001\0009\000\040\172\340\202\202\144\130\211\201}{chapter.2}% 60
\BOOKMARK [1][]{section.2.20}{\376\377\0002\000.\0002\0000\000\040\172\340\124\016\116\140\230\230}{chapter.2}% 61
\BOOKMARK [1][]{section*.8}{\376\377\116\140\230\230}{chapter.2}% 62
\BOOKMARK [1][]{section.2.21}{\376\377\0002\000.\0002\0001\000\040\145\301\154\350}{chapter.2}% 63
\BOOKMARK [0][]{chapter.3}{\376\377\0003\000\040\116\214\226\066\173\227\154\325}{part.1}% 64
\BOOKMARK [1][]{section.3.1}{\376\377\0003\000.\0001\000\040\162\133\230\177\154\325}{chapter.3}% 65
\BOOKMARK [1][]{section.3.2}{\376\377\0003\000.\0002\000\040\142\337\162\133\230\177\154\325}{chapter.3}% 66
\BOOKMARK [1][]{section.3.3}{\376\377\0003\000.\0003\000\040\121\205\160\271\154\325}{chapter.3}% 67
\BOOKMARK [1][]{section.3.4}{\376\377\0003\000.\0004\000\040\145\160\133\146\133\127\117\123\220\011\230\171}{chapter.3}% 68
\BOOKMARK [1][]{section.3.5}{\376\377\0003\000.\0005\000\040\117\177\165\050\000\040\000n\000e\000w\000t\000x\000\040\174\373\122\027\133\127\117\123}{chapter.3}% 69
\BOOKMARK [2][]{subsection.3.5.1}{\376\377\0003\000.\0005\000.\0001\000\040\217\336\133\127\173\046}{section.3.5}% 70
\BOOKMARK [2][]{subsection.3.5.2}{\376\377\0003\000.\0005\000.\0002\000\040\133\217\123\005\121\262\172\201}{section.3.5}% 71
\BOOKMARK [1][]{section.3.6}{\376\377\0003\000.\0006\000\040\116\055\145\207\133\127\117\123\220\011\230\171}{chapter.3}% 72
\BOOKMARK [2][]{subsection.3.6.1}{\376\377\0003\000.\0006\000.\0001\000\040\145\271\153\143\133\127\117\123\220\011\230\171}{section.3.6}% 73
\BOOKMARK [2][]{subsection.3.6.2}{\376\377\0003\000.\0006\000.\0002\000\040\121\166\116\326\116\055\145\207\133\127\117\123}{section.3.6}% 74
\BOOKMARK [0][]{chapter.4}{\376\377\0004\000\040\133\371\120\166}{part.1}% 75
\BOOKMARK [1][]{section.4.1}{\376\377\0004\000.\0001\000\040\000F\000e\000n\000c\000h\000e\000l\133\371\120\166}{chapter.4}% 76
\BOOKMARK [1][]{section.4.2}{\376\377\0004\000.\0002\000\040\133\371\120\166\122\006\211\343}{chapter.4}% 77
\BOOKMARK [1][]{section.4.3}{\376\377\0004\000.\0003\000\040\217\321\172\357\160\271\124\214\130\236\136\177\142\311\150\074\147\027\145\345\173\227\154\325}{chapter.4}% 78
\BOOKMARK [1][]{section.4.4}{\376\377\0004\000.\0004\000\040\000L\000e\000b\000e\000s\000g\000u\000e\000\040\171\357\122\006}{chapter.4}% 79
\BOOKMARK [2][]{subsection.4.4.1}{\376\377\0004\000.\0004\000.\0001\000\040\171\357\122\006\166\204\133\232\116\111}{section.4.4}% 80
\BOOKMARK [1][]{section*.11}{\376\377\116\140\230\230}{chapter.4}% 81
\BOOKMARK [0][]{chapter.5}{\376\377\0005\000\040\136\070\211\301\225\356\230\230\226\306}{part.1}% 82
\BOOKMARK [0][]{chapter.6}{\376\377\0006\000\040\121\166\116\326}{part.1}% 83
\BOOKMARK [0][]{appendix.A}{\376\377\000A\000\040\127\372\147\054\145\160\133\146\135\345\121\167}{part.1}% 84
\BOOKMARK [1][]{section.A.1}{\376\377\000A\000.\0001\000\040\154\102\124\214\173\227\133\120\116\016\143\317\217\360\176\337\213\241\221\317}{appendix.A}% 85
